#
# There is insufficient memory for the Java Runtime Environment to continue.
# Native memory allocation (malloc) failed to allocate 1007696 bytes for Chunk::new
# Possible reasons:
#   The system is out of physical RAM or swap space
#   In 32 bit mode, the process size limit was hit
# Possible solutions:
#   Reduce memory load on the system
#   Increase physical memory or swap space
#   Check if swap backing store is full
#   Use 64 bit Java on a 64 bit OS
#   Decrease Java heap size (-Xmx/-Xms)
#   Decrease number of Java threads
#   Decrease Java thread stack sizes (-Xss)
#   Set larger code cache with -XX:ReservedCodeCacheSize=
# This output file may be truncated or incomplete.
#
#  Out of Memory Error (allocation.cpp:390), pid=4452, tid=7716
#
# JRE version: Java(TM) SE Runtime Environment (8.0_45-b15) (build 1.8.0_45-b15)
# Java VM: Java HotSpot(TM) 64-Bit Server VM (25.45-b02 mixed mode windows-amd64 compressed oops)
# Failed to write core dump. Minidumps are not enabled by default on client versions of Windows
#

---------------  T H R E A D  ---------------

Current thread (0x0000000014f14800):  JavaThread "C2 CompilerThread1" daemon [_thread_in_native, id=7716, stack(0x0000000016520000,0x0000000016620000)]

Stack: [0x0000000016520000,0x0000000016620000]
Native frames: (J=compiled Java code, j=interpreted, Vv=VM code, C=native code)
V  [jvm.dll+0x32b57a]


Current CompileTask:
C2:  15027 2214   !   4       com.android.dx.cf.code.RopperMachine::run (1550 bytes)


---------------  P R O C E S S  ---------------

Java Threads: ( => current thread )
  0x0000000016890000 JavaThread "pool-1-thread-4" [_thread_blocked, id=7584, stack(0x0000000017120000,0x0000000017220000)]
  0x0000000016887800 JavaThread "pool-1-thread-3" [_thread_blocked, id=3808, stack(0x0000000017020000,0x0000000017120000)]
  0x0000000016886800 JavaThread "pool-1-thread-2" [_thread_in_Java, id=7876, stack(0x0000000016f20000,0x0000000017020000)]
  0x0000000016876800 JavaThread "pool-2-thread-1" [_thread_blocked, id=7252, stack(0x0000000016e20000,0x0000000016f20000)]
  0x0000000016880000 JavaThread "pool-1-thread-1" [_thread_blocked, id=7292, stack(0x0000000016d20000,0x0000000016e20000)]
  0x0000000016651000 JavaThread "Service Thread" daemon [_thread_blocked, id=7516, stack(0x0000000016b20000,0x0000000016c20000)]
  0x0000000016628800 JavaThread "C1 CompilerThread2" daemon [_thread_blocked, id=7588, stack(0x0000000016a20000,0x0000000016b20000)]
=>0x0000000014f14800 JavaThread "C2 CompilerThread1" daemon [_thread_in_native, id=7716, stack(0x0000000016520000,0x0000000016620000)]
  0x0000000014ecc000 JavaThread "C2 CompilerThread0" daemon [_thread_in_native, id=3680, stack(0x0000000016420000,0x0000000016520000)]
  0x0000000014eca000 JavaThread "Attach Listener" daemon [_thread_blocked, id=7340, stack(0x0000000016320000,0x0000000016420000)]
  0x0000000014ec8800 JavaThread "Signal Dispatcher" daemon [_thread_blocked, id=7752, stack(0x0000000016220000,0x0000000016320000)]
  0x00000000027f0000 JavaThread "Finalizer" daemon [_thread_blocked, id=7744, stack(0x0000000016120000,0x0000000016220000)]
  0x00000000027ed000 JavaThread "Reference Handler" daemon [_thread_blocked, id=8012, stack(0x0000000016020000,0x0000000016120000)]
  0x0000000002700800 JavaThread "main" [_thread_blocked, id=7600, stack(0x00000000025d0000,0x00000000026d0000)]

Other Threads:
  0x0000000014e98000 VMThread [stack: 0x0000000015f20000,0x0000000016020000] [id=2092]
  0x0000000014f2c000 WatcherThread [stack: 0x0000000016c20000,0x0000000016d20000] [id=6164]

VM state:not at safepoint (normal execution)

VM Mutex/Monitor currently owned by a thread: None

Heap:
 PSYoungGen      total 141312K, used 71931K [0x00000000eab00000, 0x00000000f4900000, 0x0000000100000000)
  eden space 128512K, 46% used [0x00000000eab00000,0x00000000ee4c29f8,0x00000000f2880000)
  from space 12800K, 99% used [0x00000000f3780000,0x00000000f43fc238,0x00000000f4400000)
  to   space 15360K, 0% used [0x00000000f2880000,0x00000000f2880000,0x00000000f3780000)
 ParOldGen       total 44032K, used 25244K [0x00000000c0000000, 0x00000000c2b00000, 0x00000000eab00000)
  object space 44032K, 57% used [0x00000000c0000000,0x00000000c18a7208,0x00000000c2b00000)
 Metaspace       used 6338K, capacity 7220K, committed 7296K, reserved 1056768K
  class space    used 606K, capacity 620K, committed 640K, reserved 1048576K

Card table byte_map: [0x0000000011bc0000,0x0000000011dd0000] byte_map_base: 0x00000000115c0000

Marking Bits: (ParMarkBitMap*) 0x00000000711e4040
 Begin Bits: [0x0000000012330000, 0x0000000013330000)
 End Bits:   [0x0000000013330000, 0x0000000014330000)

Polling page: 0x00000000009a0000

CodeCache: size=245760Kb used=10275Kb max_used=10275Kb free=235484Kb
 bounds [0x0000000002800000, 0x0000000003220000, 0x0000000011800000]
 total_blobs=2318 nmethods=2049 adapters=182
 compilation: enabled

Compilation events (10 events):
Event: 14.933 Thread 0x0000000016628800 2245       2       com.android.dx.rop.annotation.AnnotationsList::get (9 bytes)
Event: 14.933 Thread 0x0000000016628800 nmethod 2245 0x00000000031e5210 code [0x00000000031e5380, 0x00000000031e5528]
Event: 14.933 Thread 0x0000000016628800 2246       2       com.android.dx.dex.file.AnnotationSetRefItem::<init> (26 bytes)
Event: 14.933 Thread 0x0000000016628800 nmethod 2246 0x00000000031f8bd0 code [0x00000000031f8d40, 0x00000000031f8f98]
Event: 14.944 Thread 0x0000000016628800 2249       2       java.util.concurrent.locks.AbstractQueuedSynchronizer$ConditionObject::await (98 bytes)
Event: 14.945 Thread 0x0000000016628800 nmethod 2249 0x00000000031f7c90 code [0x00000000031f7ea0, 0x00000000031f8588]
Event: 14.945 Thread 0x0000000016628800 2250       2       java.util.concurrent.ArrayBlockingQueue::enqueue (53 bytes)
Event: 14.945 Thread 0x0000000016628800 nmethod 2250 0x00000000031f7550 code [0x00000000031f76e0, 0x00000000031f7a28]
Event: 14.948 Thread 0x0000000016628800 2251       2       com.android.dx.dex.file.AnnotationUtils::makeInnerClass (65 bytes)
Event: 14.948 Thread 0x0000000016628800 nmethod 2251 0x000000000320c490 code [0x000000000320c680, 0x000000000320cb98]

GC Heap History (10 events):
Event: 1.965 GC heap before
{Heap before GC invocations=2 (full 0):
 PSYoungGen      total 18944K, used 18938K [0x00000000eab00000, 0x00000000ed000000, 0x0000000100000000)
  eden space 16384K, 100% used [0x00000000eab00000,0x00000000ebb00000,0x00000000ebb00000)
  from space 2560K, 99% used [0x00000000ebb00000,0x00000000ebd7eab8,0x00000000ebd80000)
  to   space 2560K, 0% used [0x00000000ecd80000,0x00000000ecd80000,0x00000000ed000000)
 ParOldGen       total 44032K, used 1849K [0x00000000c0000000, 0x00000000c2b00000, 0x00000000eab00000)
  object space 44032K, 4% used [0x00000000c0000000,0x00000000c01ce728,0x00000000c2b00000)
 Metaspace       used 5926K, capacity 6960K, committed 7040K, reserved 1056768K
  class space    used 586K, capacity 616K, committed 640K, reserved 1048576K
Event: 2.047 GC heap after
Heap after GC invocations=2 (full 0):
 PSYoungGen      total 35328K, used 2530K [0x00000000eab00000, 0x00000000ed000000, 0x0000000100000000)
  eden space 32768K, 0% used [0x00000000eab00000,0x00000000eab00000,0x00000000ecb00000)
  from space 2560K, 98% used [0x00000000ecd80000,0x00000000ecff8990,0x00000000ed000000)
  to   space 2560K, 0% used [0x00000000ecb00000,0x00000000ecb00000,0x00000000ecd80000)
 ParOldGen       total 44032K, used 4720K [0x00000000c0000000, 0x00000000c2b00000, 0x00000000eab00000)
  object space 44032K, 10% used [0x00000000c0000000,0x00000000c049c030,0x00000000c2b00000)
 Metaspace       used 5926K, capacity 6960K, committed 7040K, reserved 1056768K
  class space    used 586K, capacity 616K, committed 640K, reserved 1048576K
}
Event: 4.040 GC heap before
{Heap before GC invocations=3 (full 0):
 PSYoungGen      total 35328K, used 35298K [0x00000000eab00000, 0x00000000ed000000, 0x0000000100000000)
  eden space 32768K, 100% used [0x00000000eab00000,0x00000000ecb00000,0x00000000ecb00000)
  from space 2560K, 98% used [0x00000000ecd80000,0x00000000ecff8990,0x00000000ed000000)
  to   space 2560K, 0% used [0x00000000ecb00000,0x00000000ecb00000,0x00000000ecd80000)
 ParOldGen       total 44032K, used 4720K [0x00000000c0000000, 0x00000000c2b00000, 0x00000000eab00000)
  object space 44032K, 10% used [0x00000000c0000000,0x00000000c049c030,0x00000000c2b00000)
 Metaspace       used 6145K, capacity 7092K, committed 7296K, reserved 1056768K
  class space    used 605K, capacity 620K, committed 640K, reserved 1048576K
Event: 4.664 GC heap after
Heap after GC invocations=3 (full 0):
 PSYoungGen      total 35328K, used 2559K [0x00000000eab00000, 0x00000000ef000000, 0x0000000100000000)
  eden space 32768K, 0% used [0x00000000eab00000,0x00000000eab00000,0x00000000ecb00000)
  from space 2560K, 99% used [0x00000000ecb00000,0x00000000ecd7fed8,0x00000000ecd80000)
  to   space 2560K, 0% used [0x00000000eed80000,0x00000000eed80000,0x00000000ef000000)
 ParOldGen       total 44032K, used 9745K [0x00000000c0000000, 0x00000000c2b00000, 0x00000000eab00000)
  object space 44032K, 22% used [0x00000000c0000000,0x00000000c0984470,0x00000000c2b00000)
 Metaspace       used 6145K, capacity 7092K, committed 7296K, reserved 1056768K
  class space    used 605K, capacity 620K, committed 640K, reserved 1048576K
}
Event: 5.236 GC heap before
{Heap before GC invocations=4 (full 0):
 PSYoungGen      total 35328K, used 35327K [0x00000000eab00000, 0x00000000ef000000, 0x0000000100000000)
  eden space 32768K, 100% used [0x00000000eab00000,0x00000000ecb00000,0x00000000ecb00000)
  from space 2560K, 99% used [0x00000000ecb00000,0x00000000ecd7fed8,0x00000000ecd80000)
  to   space 2560K, 0% used [0x00000000eed80000,0x00000000eed80000,0x00000000ef000000)
 ParOldGen       total 44032K, used 9745K [0x00000000c0000000, 0x00000000c2b00000, 0x00000000eab00000)
  object space 44032K, 22% used [0x00000000c0000000,0x00000000c0984470,0x00000000c2b00000)
 Metaspace       used 6193K, capacity 7092K, committed 7296K, reserved 1056768K
  class space    used 605K, capacity 620K, committed 640K, reserved 1048576K
Event: 5.626 GC heap after
Heap after GC invocations=4 (full 0):
 PSYoungGen      total 68096K, used 2534K [0x00000000eab00000, 0x00000000ef000000, 0x0000000100000000)
  eden space 65536K, 0% used [0x00000000eab00000,0x00000000eab00000,0x00000000eeb00000)
  from space 2560K, 98% used [0x00000000eed80000,0x00000000eeff98f8,0x00000000ef000000)
  to   space 2560K, 0% used [0x00000000eeb00000,0x00000000eeb00000,0x00000000eed80000)
 ParOldGen       total 44032K, used 14621K [0x00000000c0000000, 0x00000000c2b00000, 0x00000000eab00000)
  object space 44032K, 33% used [0x00000000c0000000,0x00000000c0e47748,0x00000000c2b00000)
 Metaspace       used 6193K, capacity 7092K, committed 7296K, reserved 1056768K
  class space    used 605K, capacity 620K, committed 640K, reserved 1048576K
}
Event: 9.971 GC heap before
{Heap before GC invocations=5 (full 0):
 PSYoungGen      total 68096K, used 68070K [0x00000000eab00000, 0x00000000ef000000, 0x0000000100000000)
  eden space 65536K, 100% used [0x00000000eab00000,0x00000000eeb00000,0x00000000eeb00000)
  from space 2560K, 98% used [0x00000000eed80000,0x00000000eeff98f8,0x00000000ef000000)
  to   space 2560K, 0% used [0x00000000eeb00000,0x00000000eeb00000,0x00000000eed80000)
 ParOldGen       total 44032K, used 14621K [0x00000000c0000000, 0x00000000c2b00000, 0x00000000eab00000)
  object space 44032K, 33% used [0x00000000c0000000,0x00000000c0e47748,0x00000000c2b00000)
 Metaspace       used 6293K, capacity 7156K, committed 7296K, reserved 1056768K
  class space    used 606K, capacity 620K, committed 640K, reserved 1048576K
Event: 11.352 GC heap after
Heap after GC invocations=5 (full 0):
 PSYoungGen      total 68096K, used 2543K [0x00000000eab00000, 0x00000000f4400000, 0x0000000100000000)
  eden space 65536K, 0% used [0x00000000eab00000,0x00000000eab00000,0x00000000eeb00000)
  from space 2560K, 99% used [0x00000000eeb00000,0x00000000eed7bd98,0x00000000eed80000)
  to   space 12800K, 0% used [0x00000000f3780000,0x00000000f3780000,0x00000000f4400000)
 ParOldGen       total 44032K, used 24339K [0x00000000c0000000, 0x00000000c2b00000, 0x00000000eab00000)
  object space 44032K, 55% used [0x00000000c0000000,0x00000000c17c4ca0,0x00000000c2b00000)
 Metaspace       used 6293K, capacity 7156K, committed 7296K, reserved 1056768K
  class space    used 606K, capacity 620K, committed 640K, reserved 1048576K
}
Event: 14.143 GC heap before
{Heap before GC invocations=6 (full 0):
 PSYoungGen      total 68096K, used 68079K [0x00000000eab00000, 0x00000000f4400000, 0x0000000100000000)
  eden space 65536K, 100% used [0x00000000eab00000,0x00000000eeb00000,0x00000000eeb00000)
  from space 2560K, 99% used [0x00000000eeb00000,0x00000000eed7bd98,0x00000000eed80000)
  to   space 12800K, 0% used [0x00000000f3780000,0x00000000f3780000,0x00000000f4400000)
 ParOldGen       total 44032K, used 24339K [0x00000000c0000000, 0x00000000c2b00000, 0x00000000eab00000)
  object space 44032K, 55% used [0x00000000c0000000,0x00000000c17c4ca0,0x00000000c2b00000)
 Metaspace       used 6325K, capacity 7220K, committed 7296K, reserved 1056768K
  class space    used 606K, capacity 620K, committed 640K, reserved 1048576K
Event: 14.454 GC heap after
Heap after GC invocations=6 (full 0):
 PSYoungGen      total 141312K, used 12784K [0x00000000eab00000, 0x00000000f4900000, 0x0000000100000000)
  eden space 128512K, 0% used [0x00000000eab00000,0x00000000eab00000,0x00000000f2880000)
  from space 12800K, 99% used [0x00000000f3780000,0x00000000f43fc238,0x00000000f4400000)
  to   space 15360K, 0% used [0x00000000f2880000,0x00000000f2880000,0x00000000f3780000)
 ParOldGen       total 44032K, used 25244K [0x00000000c0000000, 0x00000000c2b00000, 0x00000000eab00000)
  object space 44032K, 57% used [0x00000000c0000000,0x00000000c18a7208,0x00000000c2b00000)
 Metaspace       used 6325K, capacity 7220K, committed 7296K, reserved 1056768K
  class space    used 606K, capacity 620K, committed 640K, reserved 1048576K
}

Deoptimization events (10 events):
Event: 5.673 Thread 0x0000000016887800 Uncommon trap: reason=class_check action=maybe_recompile pc=0x0000000002f5bd78 method=com.android.dx.cf.code.Ropper.processBlock(Lcom/android/dx/cf/code/ByteBlock;Lcom/android/dx/cf/code/Frame;[I)V @ 777
Event: 5.673 Thread 0x0000000016887800 Uncommon trap: reason=class_check action=maybe_recompile pc=0x0000000002f5bd78 method=com.android.dx.cf.code.Ropper.processBlock(Lcom/android/dx/cf/code/ByteBlock;Lcom/android/dx/cf/code/Frame;[I)V @ 777
Event: 5.673 Thread 0x0000000016887800 Uncommon trap: reason=class_check action=maybe_recompile pc=0x0000000002f5bd78 method=com.android.dx.cf.code.Ropper.processBlock(Lcom/android/dx/cf/code/ByteBlock;Lcom/android/dx/cf/code/Frame;[I)V @ 777
Event: 5.753 Thread 0x0000000002700800 Uncommon trap: reason=bimorphic action=maybe_recompile pc=0x0000000002f07170 method=com.android.dx.rop.code.RegisterSpec.withSimpleType()Lcom/android/dx/rop/code/RegisterSpec; @ 21
Event: 12.747 Thread 0x0000000016890000 Uncommon trap: reason=unstable_if action=reinterpret pc=0x0000000002ea05e0 method=com.android.dx.rop.code.LocalItem.compareHandlesNulls(Lcom/android/dx/rop/cst/CstString;Lcom/android/dx/rop/cst/CstString;)I @ 14
Event: 12.941 Thread 0x0000000016890000 Uncommon trap: reason=bimorphic action=maybe_recompile pc=0x00000000030029e8 method=com.android.dx.cf.code.BytecodeArray.parseInstruction(ILcom/android/dx/cf/code/BytecodeArray$Visitor;)I @ 955
Event: 12.941 Thread 0x0000000016890000 Uncommon trap: reason=bimorphic action=maybe_recompile pc=0x00000000030029e8 method=com.android.dx.cf.code.BytecodeArray.parseInstruction(ILcom/android/dx/cf/code/BytecodeArray$Visitor;)I @ 955
Event: 12.941 Thread 0x0000000016890000 Uncommon trap: reason=unstable_if action=reinterpret pc=0x0000000002fde008 method=com.android.dx.cf.code.RopperMachine.run(Lcom/android/dx/cf/code/Frame;II)V @ 1500
Event: 14.912 Thread 0x0000000016890000 Uncommon trap: reason=bimorphic action=maybe_recompile pc=0x000000000318551c method=com.android.dx.cf.code.BytecodeArray.parseInstruction(ILcom/android/dx/cf/code/BytecodeArray$Visitor;)I @ 1130
Event: 14.912 Thread 0x0000000016890000 Uncommon trap: reason=bimorphic action=maybe_recompile pc=0x000000000318551c method=com.android.dx.cf.code.BytecodeArray.parseInstruction(ILcom/android/dx/cf/code/BytecodeArray$Visitor;)I @ 1130

Internal exceptions (9 events):
Event: 0.094 Thread 0x0000000002700800 Exception <a 'java/lang/NoSuchMethodError': Method sun.misc.Unsafe.defineClass(Ljava/lang/String;[BII)Ljava/lang/Class; name or signature does not match> (0x00000000eab12ef8) thrown at [C:\re\workspace\8-2-build-windows-amd64-cygwin\jdk8u45\3627\hotspot\srÜh±ÆŽ¸?
Event: 0.094 Thread 0x0000000002700800 Exception <a 'java/lang/NoSuchMethodError': Method sun.misc.Unsafe.prefetchRead(Ljava/lang/Object;J)V name or signature does not match> (0x00000000eab13188) thrown at [C:\re\workspace\8-2-build-windows-amd64-cygwin\jdk8u45\3627\hotspot\src\share\vm\prims\jØ‡î`ï?
Event: 0.981 Thread 0x0000000016880000 Implicit null exception at 0x0000000002af7e9e to 0x0000000002afaf55
Event: 0.981 Thread 0x0000000016880000 Implicit null exception at 0x0000000002addacd to 0x0000000002adfa2d
Event: 2.123 Thread 0x0000000016890000 Implicit null exception at 0x0000000002bf8ce2 to 0x0000000002bf8dd2
Event: 2.489 Thread 0x0000000002700800 Exception <a 'java/lang/ArrayIndexOutOfBoundsException': 18> (0x00000000eb4ca9b0) thrown at [C:\re\workspace\8-2-build-windows-amd64-cygwin\jdk8u45\3627\hotspot\src\share\vm\interpreter\interpreterRuntime.cpp, line 366]
Event: 3.091 Thread 0x0000000016880000 Exception <a 'java/lang/ArrayIndexOutOfBoundsException'> (0x00000000eb8bc370) thrown at [C:\re\workspace\8-2-build-windows-amd64-cygwin\jdk8u45\3627\hotspot\src\share\vm\runtime\sharedRuntime.cpp, line 605]
Event: 3.094 Thread 0x0000000016880000 Exception <a 'java/lang/ArrayIndexOutOfBoundsException'> (0x00000000eb8bd5a8) thrown at [C:\re\workspace\8-2-build-windows-amd64-cygwin\jdk8u45\3627\hotspot\src\share\vm\runtime\sharedRuntime.cpp, line 605]
Event: 12.747 Thread 0x0000000016890000 Implicit null exception at 0x0000000002e9f2a0 to 0x0000000002ea05b1

Events (10 events):
Event: 14.912 Thread 0x0000000016890000 DEOPT UNPACKING pc=0x000000000284582a sp=0x000000001721e428 mode 2
Event: 14.912 Thread 0x0000000016890000 Uncommon trap: trap_request=0xffffffc6 fr.pc=0x000000000318551c
Event: 14.912 Thread 0x0000000016890000 DEOPT PACKING pc=0x000000000318551c sp=0x000000001721e2a0
Event: 14.912 Thread 0x0000000016890000 DEOPT UNPACKING pc=0x000000000284582a sp=0x000000001721e288 mode 2
Event: 14.913 Thread 0x0000000016890000 DEOPT PACKING pc=0x0000000002cd7b91 sp=0x000000001721e680
Event: 14.913 Thread 0x0000000016890000 DEOPT UNPACKING pc=0x000000000284747f sp=0x000000001721e4b0 mode 0
Event: 14.940 Thread 0x0000000016880000 DEOPT PACKING pc=0x0000000002d159e5 sp=0x0000000016e1e9e0
Event: 14.940 Thread 0x0000000016880000 DEOPT UNPACKING pc=0x000000000284747f sp=0x0000000016e1e7c0 mode 0
Event: 14.957 Thread 0x0000000016887800 DEOPT PACKING pc=0x0000000002cd77d9 sp=0x000000001711e840
Event: 14.957 Thread 0x0000000016887800 DEOPT UNPACKING pc=0x000000000284747f sp=0x000000001711e670 mode 0


Dynamic libraries:
0x00007ff611ee0000 - 0x00007ff611f17000 	C:\Program Files\Java\jdk8\bin\java.exe
0x00007ff8aec00000 - 0x00007ff8aedac000 	C:\Windows\SYSTEM32\ntdll.dll
0x00007ff8ac2b0000 - 0x00007ff8ac3ee000 	C:\Windows\system32\KERNEL32.DLL
0x00007ff8ac060000 - 0x00007ff8ac175000 	C:\Windows\system32\KERNELBASE.dll
0x00007ff8aa7e0000 - 0x00007ff8aa86e000 	C:\Windows\system32\apphelp.dll
0x00007ff8a0cb0000 - 0x00007ff8a0d03000 	C:\Windows\AppPatch\AppPatch64\AcGenral.DLL
0x00007ff8ae920000 - 0x00007ff8ae9ca000 	C:\Windows\system32\msvcrt.dll
0x00007ff8aba70000 - 0x00007ff8aba9e000 	C:\Windows\SYSTEM32\SspiCli.dll
0x00007ff8aca20000 - 0x00007ff8aca74000 	C:\Windows\system32\SHLWAPI.dll
0x00007ff8ac8a0000 - 0x00007ff8aca17000 	C:\Windows\system32\USER32.dll
0x00007ff8acd00000 - 0x00007ff8ace94000 	C:\Windows\system32\ole32.dll
0x00007ff8aceb0000 - 0x00007ff8ae3c9000 	C:\Windows\system32\SHELL32.dll
0x00007ff8ab1e0000 - 0x00007ff8ab201000 	C:\Windows\SYSTEM32\USERENV.dll
0x00007ff8ae3d0000 - 0x00007ff8ae47a000 	C:\Windows\system32\ADVAPI32.dll
0x00007ff8a0110000 - 0x00007ff8a012e000 	C:\Windows\SYSTEM32\MPR.dll
0x00007ff8acbb0000 - 0x00007ff8accf1000 	C:\Windows\system32\RPCRT4.dll
0x00007ff8ac3f0000 - 0x00007ff8ac449000 	C:\Windows\SYSTEM32\sechost.dll
0x00007ff8ac470000 - 0x00007ff8ac681000 	C:\Windows\SYSTEM32\combase.dll
0x00007ff8ac750000 - 0x00007ff8ac8a0000 	C:\Windows\system32\GDI32.dll
0x00007ff8abd60000 - 0x00007ff8abd75000 	C:\Windows\SYSTEM32\profapi.dll
0x00007ff8aa1b0000 - 0x00007ff8aa262000 	C:\Windows\SYSTEM32\SHCORE.dll
0x00007ff8ae9d0000 - 0x00007ff8aea06000 	C:\Windows\system32\IMM32.DLL
0x00007ff8ae7c0000 - 0x00007ff8ae912000 	C:\Windows\system32\MSCTF.dll
0x00007ff8abc30000 - 0x00007ff8abd47000 	c:\progra~1\outpos~1\wl_hoo~1.dll
0x00007ff8a9880000 - 0x00007ff8a9afa000 	C:\Windows\WinSxS\amd64_microsoft.windows.common-controls_6595b64144ccf1df_6.0.9600.17810_none_6240b9c7ecbd0bda\COMCTL32.dll
0x0000000070560000 - 0x0000000070632000 	C:\Program Files\Java\jdk8\jre\bin\msvcr100.dll
0x00000000709e0000 - 0x0000000071263000 	C:\Program Files\Java\jdk8\jre\bin\server\jvm.dll
0x00007ff8a7f30000 - 0x00007ff8a7f39000 	C:\Windows\SYSTEM32\WSOCK32.dll
0x00007ff8a7670000 - 0x00007ff8a7692000 	C:\Windows\SYSTEM32\WINMM.dll
0x00007ff8a8600000 - 0x00007ff8a860a000 	C:\Windows\SYSTEM32\VERSION.dll
0x00007ff8ac460000 - 0x00007ff8ac467000 	C:\Windows\system32\PSAPI.DLL
0x00007ff8ae760000 - 0x00007ff8ae7ba000 	C:\Windows\system32\WS2_32.dll
0x00007ff8a7570000 - 0x00007ff8a759a000 	C:\Windows\SYSTEM32\WINMMBASE.dll
0x00007ff8acea0000 - 0x00007ff8acea9000 	C:\Windows\system32\NSI.dll
0x00007ff8abe30000 - 0x00007ff8abe7f000 	C:\Windows\SYSTEM32\cfgmgr32.dll
0x00007ff8aaa30000 - 0x00007ff8aaa58000 	C:\Windows\SYSTEM32\DEVOBJ.dll
0x00000000709d0000 - 0x00000000709df000 	C:\Program Files\Java\jdk8\jre\bin\verify.dll
0x00000000709a0000 - 0x00000000709c9000 	C:\Program Files\Java\jdk8\jre\bin\java.dll
0x0000000070980000 - 0x0000000070996000 	C:\Program Files\Java\jdk8\jre\bin\zip.dll

VM Arguments:
jvm_args: -Xmx1024M -Dfile.encoding=windows-1251 -Duser.country=RU -Duser.language=ru -Duser.variant 
java_command: com.android.dx.command.Main --dex --num-threads=4 --output D:\GitHub\Calc\app\build\intermediates\pre-dexed\debug\classes-3e1332ad98a7d7c2e91622c631ace34036a3654b.jar D:\GitHub\Calc\app\build\intermediates\exploded-aar\com.android.support\support-v4\23.1.0\jars\classes.jar
java_class_path (initial): D:\Android\sdk\build-tools\23.0.1\lib\dx.jar
Launcher Type: SUN_STANDARD

Environment Variables:
PATH=C:\Program Files (x86)\NVIDIA Corporation\PhysX\Common;C:\ProgramData\Oracle\Java\javapath;C:\Windows\system32;C:\Windows;C:\Windows\System32\Wbem;C:\Windows\System32\WindowsPowerShell\v1.0\;C:\Program Files (x86)\Git\bin;C:\Program Files (x86)\Nmap;J:\Andriod\adb;C:\Program Files\Java\jdk8\bin;C:\Program Files (x86)\Skype\Phone\;C:\Program Files (x86)\Nmap
USERNAME=Àëåêñàíäð
OS=Windows_NT
PROCESSOR_IDENTIFIER=Intel64 Family 6 Model 30 Stepping 5, GenuineIntel



---------------  S Y S T E M  ---------------

OS: Windows 8.1 , 64 bit Build 9600 (6.3.9600.17415)

CPU:total 4 (4 cores per cpu, 1 threads per core) family 6 model 30 stepping 5, cmov, cx8, fxsr, mmx, sse, sse2, sse3, ssse3, sse4.1, sse4.2, popcnt, tsc, tscinvbit

Memory: 4k page, physical 4152812k(76736k free), swap 7298540k(3600k free)

vm_info: Java HotSpot(TM) 64-Bit Server VM (25.45-b02) for windows-amd64 JRE (1.8.0_45-b15), built on Apr 30 2015 12:40:44 by "java_re" with MS VC++ 10.0 (VS2010)

time: Tue Oct 27 21:28:36 2015
elapsed time: 15 seconds (0d 0h 0m 15s)

